0 info it worked if it ends with ok
1 verbose cli [ 'C:\\Program Files\\nodejs\\node.exe',
1 verbose cli   'C:\\Program Files\\nodejs\\node_modules\\npm\\bin\\npm-cli.js',
1 verbose cli   'install',
1 verbose cli   'node-spotify-api',
1 verbose cli   'my-tweets',
1 verbose cli   'movie-this',
1 verbose cli   'do-what-it-says',
1 verbose cli   '--save' ]
2 info using npm@3.10.10
3 info using node@v6.10.3
4 silly loadCurrentTree Starting
5 silly install loadCurrentTree
6 silly install readLocalPackageData
7 silly fetchPackageMetaData node-spotify-api
8 silly fetchPackageMetaData my-tweets
9 silly fetchPackageMetaData movie-this
10 silly fetchPackageMetaData do-what-it-says
11 silly fetchNamedPackageData node-spotify-api
12 silly mapToRegistry name node-spotify-api
13 silly mapToRegistry using default registry
14 silly mapToRegistry registry https://registry.npmjs.org/
15 silly mapToRegistry data Result {
15 silly mapToRegistry   raw: 'node-spotify-api',
15 silly mapToRegistry   scope: null,
15 silly mapToRegistry   escapedName: 'node-spotify-api',
15 silly mapToRegistry   name: 'node-spotify-api',
15 silly mapToRegistry   rawSpec: '',
15 silly mapToRegistry   spec: 'latest',
15 silly mapToRegistry   type: 'tag' }
16 silly mapToRegistry uri https://registry.npmjs.org/node-spotify-api
17 silly fetchNamedPackageData my-tweets
18 silly mapToRegistry name my-tweets
19 silly mapToRegistry using default registry
20 silly mapToRegistry registry https://registry.npmjs.org/
21 silly mapToRegistry data Result {
21 silly mapToRegistry   raw: 'my-tweets',
21 silly mapToRegistry   scope: null,
21 silly mapToRegistry   escapedName: 'my-tweets',
21 silly mapToRegistry   name: 'my-tweets',
21 silly mapToRegistry   rawSpec: '',
21 silly mapToRegistry   spec: 'latest',
21 silly mapToRegistry   type: 'tag' }
22 silly mapToRegistry uri https://registry.npmjs.org/my-tweets
23 silly fetchNamedPackageData movie-this
24 silly mapToRegistry name movie-this
25 silly mapToRegistry using default registry
26 silly mapToRegistry registry https://registry.npmjs.org/
27 silly mapToRegistry data Result {
27 silly mapToRegistry   raw: 'movie-this',
27 silly mapToRegistry   scope: null,
27 silly mapToRegistry   escapedName: 'movie-this',
27 silly mapToRegistry   name: 'movie-this',
27 silly mapToRegistry   rawSpec: '',
27 silly mapToRegistry   spec: 'latest',
27 silly mapToRegistry   type: 'tag' }
28 silly mapToRegistry uri https://registry.npmjs.org/movie-this
29 silly fetchNamedPackageData do-what-it-says
30 silly mapToRegistry name do-what-it-says
31 silly mapToRegistry using default registry
32 silly mapToRegistry registry https://registry.npmjs.org/
33 silly mapToRegistry data Result {
33 silly mapToRegistry   raw: 'do-what-it-says',
33 silly mapToRegistry   scope: null,
33 silly mapToRegistry   escapedName: 'do-what-it-says',
33 silly mapToRegistry   name: 'do-what-it-says',
33 silly mapToRegistry   rawSpec: '',
33 silly mapToRegistry   spec: 'latest',
33 silly mapToRegistry   type: 'tag' }
34 silly mapToRegistry uri https://registry.npmjs.org/do-what-it-says
35 verbose request uri https://registry.npmjs.org/node-spotify-api
36 verbose request no auth needed
37 info attempt registry request try #1 at 5:57:57 PM
38 verbose request id 41c51eb8f00fb8c3
39 http request GET https://registry.npmjs.org/node-spotify-api
40 verbose request uri https://registry.npmjs.org/my-tweets
41 verbose request no auth needed
42 info attempt registry request try #1 at 5:57:57 PM
43 http request GET https://registry.npmjs.org/my-tweets
44 verbose request uri https://registry.npmjs.org/movie-this
45 verbose request no auth needed
46 info attempt registry request try #1 at 5:57:57 PM
47 http request GET https://registry.npmjs.org/movie-this
48 verbose request uri https://registry.npmjs.org/do-what-it-says
49 verbose request no auth needed
50 info attempt registry request try #1 at 5:57:57 PM
51 http request GET https://registry.npmjs.org/do-what-it-says
52 http 200 https://registry.npmjs.org/node-spotify-api
53 verbose headers { server: 'nginx/1.10.1',
53 verbose headers   'content-type': 'application/json',
53 verbose headers   'last-modified': 'Sun, 08 Oct 2017 16:02:29 GMT',
53 verbose headers   etag: 'W/"59da4c15-357d"',
53 verbose headers   'content-encoding': 'gzip',
53 verbose headers   'cache-control': 'max-age=300',
53 verbose headers   'content-length': '3563',
53 verbose headers   'accept-ranges': 'bytes',
53 verbose headers   date: 'Mon, 09 Oct 2017 22:57:59 GMT',
53 verbose headers   via: '1.1 varnish',
53 verbose headers   age: '0',
53 verbose headers   connection: 'keep-alive',
53 verbose headers   'x-served-by': 'cache-dfw18647-DFW',
53 verbose headers   'x-cache': 'MISS',
53 verbose headers   'x-cache-hits': '0',
53 verbose headers   'x-timer': 'S1507589880.600525,VS0,VE43',
53 verbose headers   vary: 'Accept-Encoding, Accept' }
54 silly get cb [ 200,
54 silly get   { server: 'nginx/1.10.1',
54 silly get     'content-type': 'application/json',
54 silly get     'last-modified': 'Sun, 08 Oct 2017 16:02:29 GMT',
54 silly get     etag: 'W/"59da4c15-357d"',
54 silly get     'content-encoding': 'gzip',
54 silly get     'cache-control': 'max-age=300',
54 silly get     'content-length': '3563',
54 silly get     'accept-ranges': 'bytes',
54 silly get     date: 'Mon, 09 Oct 2017 22:57:59 GMT',
54 silly get     via: '1.1 varnish',
54 silly get     age: '0',
54 silly get     connection: 'keep-alive',
54 silly get     'x-served-by': 'cache-dfw18647-DFW',
54 silly get     'x-cache': 'MISS',
54 silly get     'x-cache-hits': '0',
54 silly get     'x-timer': 'S1507589880.600525,VS0,VE43',
54 silly get     vary: 'Accept-Encoding, Accept' } ]
55 verbose get saving node-spotify-api to C:\Users\Michael_Galt\AppData\Roaming\npm-cache\registry.npmjs.org\node-spotify-api\.cache.json
56 verbose correctMkdir C:\Users\Michael_Galt\AppData\Roaming\npm-cache correctMkdir not in flight; initializing
57 http 404 https://registry.npmjs.org/do-what-it-says
58 verbose headers { 'content-type': 'application/json',
58 verbose headers   'cache-control': 'max-age=0',
58 verbose headers   'content-length': '2',
58 verbose headers   'accept-ranges': 'bytes',
58 verbose headers   date: 'Mon, 09 Oct 2017 22:57:59 GMT',
58 verbose headers   via: '1.1 varnish',
58 verbose headers   age: '0',
58 verbose headers   connection: 'keep-alive',
58 verbose headers   'x-served-by': 'cache-dfw18623-DFW',
58 verbose headers   'x-cache': 'MISS',
58 verbose headers   'x-cache-hits': '0',
58 verbose headers   'x-timer': 'S1507589880.606769,VS0,VE258',
58 verbose headers   vary: 'Accept-Encoding' }
59 silly get cb [ 404,
59 silly get   { 'content-type': 'application/json',
59 silly get     'cache-control': 'max-age=0',
59 silly get     'content-length': '2',
59 silly get     'accept-ranges': 'bytes',
59 silly get     date: 'Mon, 09 Oct 2017 22:57:59 GMT',
59 silly get     via: '1.1 varnish',
59 silly get     age: '0',
59 silly get     connection: 'keep-alive',
59 silly get     'x-served-by': 'cache-dfw18623-DFW',
59 silly get     'x-cache': 'MISS',
59 silly get     'x-cache-hits': '0',
59 silly get     'x-timer': 'S1507589880.606769,VS0,VE258',
59 silly get     vary: 'Accept-Encoding' } ]
60 silly fetchPackageMetaData Error: Registry returned 404 for GET on https://registry.npmjs.org/do-what-it-says
60 silly fetchPackageMetaData     at makeError (C:\Program Files\nodejs\node_modules\npm\node_modules\npm-registry-client\lib\request.js:302:12)
60 silly fetchPackageMetaData     at CachingRegistryClient.<anonymous> (C:\Program Files\nodejs\node_modules\npm\node_modules\npm-registry-client\lib\request.js:280:14)
60 silly fetchPackageMetaData     at Request._callback (C:\Program Files\nodejs\node_modules\npm\node_modules\npm-registry-client\lib\request.js:210:14)
60 silly fetchPackageMetaData     at Request.self.callback (C:\Program Files\nodejs\node_modules\npm\node_modules\request\request.js:187:22)
60 silly fetchPackageMetaData     at emitTwo (events.js:106:13)
60 silly fetchPackageMetaData     at Request.emit (events.js:191:7)
60 silly fetchPackageMetaData     at Request.<anonymous> (C:\Program Files\nodejs\node_modules\npm\node_modules\request\request.js:1048:10)
60 silly fetchPackageMetaData     at emitOne (events.js:96:13)
60 silly fetchPackageMetaData     at Request.emit (events.js:188:7)
60 silly fetchPackageMetaData     at IncomingMessage.<anonymous> (C:\Program Files\nodejs\node_modules\npm\node_modules\request\request.js:969:12)
60 silly fetchPackageMetaData  error for do-what-it-says { Error: Registry returned 404 for GET on https://registry.npmjs.org/do-what-it-says
60 silly fetchPackageMetaData     at makeError (C:\Program Files\nodejs\node_modules\npm\node_modules\npm-registry-client\lib\request.js:302:12)
60 silly fetchPackageMetaData     at CachingRegistryClient.<anonymous> (C:\Program Files\nodejs\node_modules\npm\node_modules\npm-registry-client\lib\request.js:280:14)
60 silly fetchPackageMetaData     at Request._callback (C:\Program Files\nodejs\node_modules\npm\node_modules\npm-registry-client\lib\request.js:210:14)
60 silly fetchPackageMetaData     at Request.self.callback (C:\Program Files\nodejs\node_modules\npm\node_modules\request\request.js:187:22)
60 silly fetchPackageMetaData     at emitTwo (events.js:106:13)
60 silly fetchPackageMetaData     at Request.emit (events.js:191:7)
60 silly fetchPackageMetaData     at Request.<anonymous> (C:\Program Files\nodejs\node_modules\npm\node_modules\request\request.js:1048:10)
60 silly fetchPackageMetaData     at emitOne (events.js:96:13)
60 silly fetchPackageMetaData     at Request.emit (events.js:188:7)
60 silly fetchPackageMetaData     at IncomingMessage.<anonymous> (C:\Program Files\nodejs\node_modules\npm\node_modules\request\request.js:969:12) pkgid: 'do-what-it-says', statusCode: 404, code: 'E404' }
61 http 404 https://registry.npmjs.org/movie-this
62 verbose headers { 'content-type': 'application/json',
62 verbose headers   'cache-control': 'max-age=0',
62 verbose headers   'content-length': '2',
62 verbose headers   'accept-ranges': 'bytes',
62 verbose headers   date: 'Mon, 09 Oct 2017 22:57:59 GMT',
62 verbose headers   via: '1.1 varnish',
62 verbose headers   age: '0',
62 verbose headers   connection: 'keep-alive',
62 verbose headers   'x-served-by': 'cache-dfw18620-DFW',
62 verbose headers   'x-cache': 'MISS',
62 verbose headers   'x-cache-hits': '0',
62 verbose headers   'x-timer': 'S1507589880.607158,VS0,VE309',
62 verbose headers   vary: 'Accept-Encoding' }
63 silly get cb [ 404,
63 silly get   { 'content-type': 'application/json',
63 silly get     'cache-control': 'max-age=0',
63 silly get     'content-length': '2',
63 silly get     'accept-ranges': 'bytes',
63 silly get     date: 'Mon, 09 Oct 2017 22:57:59 GMT',
63 silly get     via: '1.1 varnish',
63 silly get     age: '0',
63 silly get     connection: 'keep-alive',
63 silly get     'x-served-by': 'cache-dfw18620-DFW',
63 silly get     'x-cache': 'MISS',
63 silly get     'x-cache-hits': '0',
63 silly get     'x-timer': 'S1507589880.607158,VS0,VE309',
63 silly get     vary: 'Accept-Encoding' } ]
64 silly fetchPackageMetaData Error: Registry returned 404 for GET on https://registry.npmjs.org/movie-this
64 silly fetchPackageMetaData     at makeError (C:\Program Files\nodejs\node_modules\npm\node_modules\npm-registry-client\lib\request.js:302:12)
64 silly fetchPackageMetaData     at CachingRegistryClient.<anonymous> (C:\Program Files\nodejs\node_modules\npm\node_modules\npm-registry-client\lib\request.js:280:14)
64 silly fetchPackageMetaData     at Request._callback (C:\Program Files\nodejs\node_modules\npm\node_modules\npm-registry-client\lib\request.js:210:14)
64 silly fetchPackageMetaData     at Request.self.callback (C:\Program Files\nodejs\node_modules\npm\node_modules\request\request.js:187:22)
64 silly fetchPackageMetaData     at emitTwo (events.js:106:13)
64 silly fetchPackageMetaData     at Request.emit (events.js:191:7)
64 silly fetchPackageMetaData     at Request.<anonymous> (C:\Program Files\nodejs\node_modules\npm\node_modules\request\request.js:1048:10)
64 silly fetchPackageMetaData     at emitOne (events.js:96:13)
64 silly fetchPackageMetaData     at Request.emit (events.js:188:7)
64 silly fetchPackageMetaData     at IncomingMessage.<anonymous> (C:\Program Files\nodejs\node_modules\npm\node_modules\request\request.js:969:12)
64 silly fetchPackageMetaData  error for movie-this { Error: Registry returned 404 for GET on https://registry.npmjs.org/movie-this
64 silly fetchPackageMetaData     at makeError (C:\Program Files\nodejs\node_modules\npm\node_modules\npm-registry-client\lib\request.js:302:12)
64 silly fetchPackageMetaData     at CachingRegistryClient.<anonymous> (C:\Program Files\nodejs\node_modules\npm\node_modules\npm-registry-client\lib\request.js:280:14)
64 silly fetchPackageMetaData     at Request._callback (C:\Program Files\nodejs\node_modules\npm\node_modules\npm-registry-client\lib\request.js:210:14)
64 silly fetchPackageMetaData     at Request.self.callback (C:\Program Files\nodejs\node_modules\npm\node_modules\request\request.js:187:22)
64 silly fetchPackageMetaData     at emitTwo (events.js:106:13)
64 silly fetchPackageMetaData     at Request.emit (events.js:191:7)
64 silly fetchPackageMetaData     at Request.<anonymous> (C:\Program Files\nodejs\node_modules\npm\node_modules\request\request.js:1048:10)
64 silly fetchPackageMetaData     at emitOne (events.js:96:13)
64 silly fetchPackageMetaData     at Request.emit (events.js:188:7)
64 silly fetchPackageMetaData     at IncomingMessage.<anonymous> (C:\Program Files\nodejs\node_modules\npm\node_modules\request\request.js:969:12) pkgid: 'movie-this', statusCode: 404, code: 'E404' }
65 http 404 https://registry.npmjs.org/my-tweets
66 verbose headers { 'content-type': 'application/json',
66 verbose headers   'cache-control': 'max-age=0',
66 verbose headers   'content-length': '2',
66 verbose headers   'accept-ranges': 'bytes',
66 verbose headers   date: 'Mon, 09 Oct 2017 22:57:59 GMT',
66 verbose headers   via: '1.1 varnish',
66 verbose headers   age: '0',
66 verbose headers   connection: 'keep-alive',
66 verbose headers   'x-served-by': 'cache-dfw18644-DFW',
66 verbose headers   'x-cache': 'MISS',
66 verbose headers   'x-cache-hits': '0',
66 verbose headers   'x-timer': 'S1507589880.606705,VS0,VE343',
66 verbose headers   vary: 'Accept-Encoding' }
67 silly get cb [ 404,
67 silly get   { 'content-type': 'application/json',
67 silly get     'cache-control': 'max-age=0',
67 silly get     'content-length': '2',
67 silly get     'accept-ranges': 'bytes',
67 silly get     date: 'Mon, 09 Oct 2017 22:57:59 GMT',
67 silly get     via: '1.1 varnish',
67 silly get     age: '0',
67 silly get     connection: 'keep-alive',
67 silly get     'x-served-by': 'cache-dfw18644-DFW',
67 silly get     'x-cache': 'MISS',
67 silly get     'x-cache-hits': '0',
67 silly get     'x-timer': 'S1507589880.606705,VS0,VE343',
67 silly get     vary: 'Accept-Encoding' } ]
68 silly fetchPackageMetaData Error: Registry returned 404 for GET on https://registry.npmjs.org/my-tweets
68 silly fetchPackageMetaData     at makeError (C:\Program Files\nodejs\node_modules\npm\node_modules\npm-registry-client\lib\request.js:302:12)
68 silly fetchPackageMetaData     at CachingRegistryClient.<anonymous> (C:\Program Files\nodejs\node_modules\npm\node_modules\npm-registry-client\lib\request.js:280:14)
68 silly fetchPackageMetaData     at Request._callback (C:\Program Files\nodejs\node_modules\npm\node_modules\npm-registry-client\lib\request.js:210:14)
68 silly fetchPackageMetaData     at Request.self.callback (C:\Program Files\nodejs\node_modules\npm\node_modules\request\request.js:187:22)
68 silly fetchPackageMetaData     at emitTwo (events.js:106:13)
68 silly fetchPackageMetaData     at Request.emit (events.js:191:7)
68 silly fetchPackageMetaData     at Request.<anonymous> (C:\Program Files\nodejs\node_modules\npm\node_modules\request\request.js:1048:10)
68 silly fetchPackageMetaData     at emitOne (events.js:96:13)
68 silly fetchPackageMetaData     at Request.emit (events.js:188:7)
68 silly fetchPackageMetaData     at IncomingMessage.<anonymous> (C:\Program Files\nodejs\node_modules\npm\node_modules\request\request.js:969:12)
68 silly fetchPackageMetaData  error for my-tweets { Error: Registry returned 404 for GET on https://registry.npmjs.org/my-tweets
68 silly fetchPackageMetaData     at makeError (C:\Program Files\nodejs\node_modules\npm\node_modules\npm-registry-client\lib\request.js:302:12)
68 silly fetchPackageMetaData     at CachingRegistryClient.<anonymous> (C:\Program Files\nodejs\node_modules\npm\node_modules\npm-registry-client\lib\request.js:280:14)
68 silly fetchPackageMetaData     at Request._callback (C:\Program Files\nodejs\node_modules\npm\node_modules\npm-registry-client\lib\request.js:210:14)
68 silly fetchPackageMetaData     at Request.self.callback (C:\Program Files\nodejs\node_modules\npm\node_modules\request\request.js:187:22)
68 silly fetchPackageMetaData     at emitTwo (events.js:106:13)
68 silly fetchPackageMetaData     at Request.emit (events.js:191:7)
68 silly fetchPackageMetaData     at Request.<anonymous> (C:\Program Files\nodejs\node_modules\npm\node_modules\request\request.js:1048:10)
68 silly fetchPackageMetaData     at emitOne (events.js:96:13)
68 silly fetchPackageMetaData     at Request.emit (events.js:188:7)
68 silly fetchPackageMetaData     at IncomingMessage.<anonymous> (C:\Program Files\nodejs\node_modules\npm\node_modules\request\request.js:969:12) pkgid: 'my-tweets', statusCode: 404, code: 'E404' }
69 silly rollbackFailedOptional Starting
70 silly rollbackFailedOptional Finishing
71 silly runTopLevelLifecycles Finishing
72 silly install printInstalled
73 verbose stack Error: Registry returned 404 for GET on https://registry.npmjs.org/do-what-it-says
73 verbose stack     at makeError (C:\Program Files\nodejs\node_modules\npm\node_modules\npm-registry-client\lib\request.js:302:12)
73 verbose stack     at CachingRegistryClient.<anonymous> (C:\Program Files\nodejs\node_modules\npm\node_modules\npm-registry-client\lib\request.js:280:14)
73 verbose stack     at Request._callback (C:\Program Files\nodejs\node_modules\npm\node_modules\npm-registry-client\lib\request.js:210:14)
73 verbose stack     at Request.self.callback (C:\Program Files\nodejs\node_modules\npm\node_modules\request\request.js:187:22)
73 verbose stack     at emitTwo (events.js:106:13)
73 verbose stack     at Request.emit (events.js:191:7)
73 verbose stack     at Request.<anonymous> (C:\Program Files\nodejs\node_modules\npm\node_modules\request\request.js:1048:10)
73 verbose stack     at emitOne (events.js:96:13)
73 verbose stack     at Request.emit (events.js:188:7)
73 verbose stack     at IncomingMessage.<anonymous> (C:\Program Files\nodejs\node_modules\npm\node_modules\request\request.js:969:12)
74 verbose statusCode 404
75 verbose pkgid do-what-it-says
76 verbose cwd C:\Users\Michael_Galt\Coding_Bootcamp_PT\HW\HW8\liri-node-app
77 error Windows_NT 10.0.15063
78 error argv "C:\\Program Files\\nodejs\\node.exe" "C:\\Program Files\\nodejs\\node_modules\\npm\\bin\\npm-cli.js" "install" "node-spotify-api" "my-tweets" "movie-this" "do-what-it-says" "--save"
79 error node v6.10.3
80 error npm  v3.10.10
81 error code E404
82 error 404 Registry returned 404 for GET on https://registry.npmjs.org/do-what-it-says
83 error 404
84 error 404 'do-what-it-says' is not in the npm registry.
85 error 404 You should bug the author to publish it (or use the name yourself!)
86 error 404 Note that you can also install from a
87 error 404 tarball, folder, http url, or git url.
88 verbose exit [ 1, true ]
